app/build/outputs/apk/manifest-merger-debug-report.txt
-- Merging decision tree log ---
manifest
ADDED from AndroidManifest.xml:2:1
	package
		ADDED from AndroidManifest.xml:3:5
		INJECTED from AndroidManifest.xml:0:0
		INJECTED from AndroidManifest.xml:0:0
	android:versionName
		INJECTED from AndroidManifest.xml:0:0
		INJECTED from AndroidManifest.xml:0:0
	xmlns:android
		ADDED from AndroidManifest.xml:2:11
	android:versionCode
		INJECTED from AndroidManifest.xml:0:0
		INJECTED from AndroidManifest.xml:0:0
uses-sdk
ADDED from AndroidManifest.xml:5:5
MERGED from com.android.support:appcompat-v7:22.0.0:20:5
MERGED from com.android.support:support-v4:22.0.0:20:5
MERGED from com.google.android.gms:play-services:7.5.0:18:5
MERGED from com.google.android.gms:play-services-ads:7.5.0:23:5
MERGED from com.google.android.gms:play-services-base:7.5.0:18:5
MERGED from com.android.support:support-v4:22.0.0:20:5
MERGED from com.google.android.gms:play-services-analytics:7.5.0:18:5
MERGED from com.google.android.gms:play-services-base:7.5.0:18:5
MERGED from com.android.support:support-v4:22.0.0:20:5
MERGED from com.google.android.gms:play-services-analytics:7.5.0:18:5
MERGED from com.google.android.gms:play-services-base:7.5.0:18:5
MERGED from com.android.support:support-v4:22.0.0:20:5
MERGED from com.google.android.gms:play-services-appindexing:7.5.0:18:5
MERGED from com.google.android.gms:play-services-base:7.5.0:18:5
MERGED from com.android.support:support-v4:22.0.0:20:5
MERGED from com.google.android.gms:play-services-appinvite:7.5.0:18:5
MERGED from com.google.android.gms:play-services-base:7.5.0:18:5
MERGED from com.android.support:support-v4:22.0.0:20:5
MERGED from com.google.android.gms:play-services-appstate:7.5.0:18:5
MERGED from com.google.android.gms:play-services-base:7.5.0:18:5
MERGED from com.android.support:support-v4:22.0.0:20:5
MERGED from com.google.android.gms:play-services-base:7.5.0:18:5
MERGED from com.android.support:support-v4:22.0.0:20:5
MERGED from com.google.android.gms:play-services-cast:7.5.0:18:5
MERGED from com.google.android.gms:play-services-base:7.5.0:18:5
MERGED from com.android.support:support-v4:22.0.0:20:5
MERGED from com.android.support:mediarouter-v7:22.0.0:20:5
MERGED from com.android.support:appcompat-v7:22.0.0:20:5
MERGED from com.android.support:support-v4:22.0.0:20:5
MERGED from com.google.android.gms:play-services-drive:7.5.0:18:5
MERGED from com.google.android.gms:play-services-base:7.5.0:18:5
MERGED from com.android.support:support-v4:22.0.0:20:5
MERGED from com.google.android.gms:play-services-fitness:7.5.0:18:5
MERGED from com.google.android.gms:play-services-base:7.5.0:18:5
MERGED from com.android.support:support-v4:22.0.0:20:5
MERGED from com.google.android.gms:play-services-location:7.5.0:18:5
MERGED from com.google.android.gms:play-services-base:7.5.0:18:5
MERGED from com.android.support:support-v4:22.0.0:20:5
MERGED from com.google.android.gms:play-services-maps:7.5.0:28:5
MERGED from com.google.android.gms:play-services-base:7.5.0:18:5
MERGED from com.android.support:support-v4:22.0.0:20:5
MERGED from com.google.android.gms:play-services-games:7.5.0:18:5
MERGED from com.google.android.gms:play-services-base:7.5.0:18:5
MERGED from com.android.support:support-v4:22.0.0:20:5
MERGED from com.google.android.gms:play-services-drive:7.5.0:18:5
MERGED from com.google.android.gms:play-services-base:7.5.0:18:5
MERGED from com.android.support:support-v4:22.0.0:20:5
MERGED from com.google.android.gms:play-services-gcm:7.5.0:18:5
MERGED from com.google.android.gms:play-services-base:7.5.0:18:5
MERGED from com.android.support:support-v4:22.0.0:20:5
MERGED from com.google.android.gms:play-services-identity:7.5.0:18:5
MERGED from com.google.android.gms:play-services-base:7.5.0:18:5
MERGED from com.android.support:support-v4:22.0.0:20:5
MERGED from com.google.android.gms:play-services-location:7.5.0:18:5
MERGED from com.google.android.gms:play-services-base:7.5.0:18:5
MERGED from com.android.support:support-v4:22.0.0:20:5
MERGED from com.google.android.gms:play-services-maps:7.5.0:28:5
MERGED from com.google.android.gms:play-services-base:7.5.0:18:5
MERGED from com.android.support:support-v4:22.0.0:20:5
MERGED from com.google.android.gms:play-services-maps:7.5.0:28:5
MERGED from com.google.android.gms:play-services-base:7.5.0:18:5
MERGED from com.android.support:support-v4:22.0.0:20:5
MERGED from com.google.android.gms:play-services-nearby:7.5.0:18:5
MERGED from com.google.android.gms:play-services-base:7.5.0:18:5
MERGED from com.android.support:support-v4:22.0.0:20:5
MERGED from com.google.android.gms:play-services-panorama:7.5.0:18:5
MERGED from com.google.android.gms:play-services-base:7.5.0:18:5
MERGED from com.android.support:support-v4:22.0.0:20:5
MERGED from com.google.android.gms:play-services-plus:7.5.0:18:5
MERGED from com.google.android.gms:play-services-base:7.5.0:18:5
MERGED from com.android.support:support-v4:22.0.0:20:5
MERGED from com.google.android.gms:play-services-safetynet:7.5.0:18:5
MERGED from com.google.android.gms:play-services-base:7.5.0:18:5
MERGED from com.android.support:support-v4:22.0.0:20:5
MERGED from com.google.android.gms:play-services-wallet:7.5.0:19:5
MERGED from com.google.android.gms:play-services-base:7.5.0:18:5
MERGED from com.android.support:support-v4:22.0.0:20:5
MERGED from com.google.android.gms:play-services-identity:7.5.0:18:5
MERGED from com.google.android.gms:play-services-base:7.5.0:18:5
MERGED from com.android.support:support-v4:22.0.0:20:5
MERGED from com.google.android.gms:play-services-maps:7.5.0:28:5
MERGED from com.google.android.gms:play-services-base:7.5.0:18:5
MERGED from com.android.support:support-v4:22.0.0:20:5
MERGED from com.google.android.gms:play-services-wearable:7.5.0:18:5
MERGED from com.google.android.gms:play-services-base:7.5.0:18:5
MERGED from com.android.support:support-v4:22.0.0:20:5
	android:targetSdkVersion
		ADDED from AndroidManifest.xml:7:9
		INJECTED from AndroidManifest.xml:0:0
		INJECTED from AndroidManifest.xml:0:0
	android:minSdkVersion
		ADDED from AndroidManifest.xml:6:9
		INJECTED from AndroidManifest.xml:0:0
		INJECTED from AndroidManifest.xml:0:0
permission#com.example.mark.smi.permission.MAPS_RECEIVE
ADDED from AndroidManifest.xml:9:5
	android:protectionLevel
		ADDED from AndroidManifest.xml:11:9
	android:name
		ADDED from AndroidManifest.xml:10:9
uses-feature#0x00020000
ADDED from AndroidManifest.xml:13:5
MERGED from com.google.android.gms:play-services-maps:7.5.0:24:5
MERGED from com.google.android.gms:play-services-maps:7.5.0:24:5
MERGED from com.google.android.gms:play-services-maps:7.5.0:24:5
MERGED from com.google.android.gms:play-services-maps:7.5.0:24:5
	android:glEsVersion
		ADDED from AndroidManifest.xml:14:9
	android:required
		ADDED from AndroidManifest.xml:15:9
uses-permission#com.example.mark.smi.permission.MAPS_RECEIVE
ADDED from AndroidManifest.xml:22:5
	android:name
		ADDED from AndroidManifest.xml:22:22
uses-permission#com.google.android.providers.gsf.permission.READ_GSERVICES
ADDED from AndroidManifest.xml:23:5
	android:name
		ADDED from AndroidManifest.xml:23:22
uses-permission#android.permission.READ_PHONE_STATE
ADDED from AndroidManifest.xml:24:5
	android:name
		ADDED from AndroidManifest.xml:24:22
uses-permission#android.permission.ACCESS_FINE_LOCATION
ADDED from AndroidManifest.xml:26:5
	android:name
		ADDED from AndroidManifest.xml:26:22
uses-permission#android.permission.ACCESS_COARSE_LOCATION
ADDED from AndroidManifest.xml:27:5
MERGED from com.google.android.gms:play-services-maps:7.5.0:23:5
MERGED from com.google.android.gms:play-services-maps:7.5.0:23:5
MERGED from com.google.android.gms:play-services-maps:7.5.0:23:5
MERGED from com.google.android.gms:play-services-maps:7.5.0:23:5
	android:name
		ADDED from AndroidManifest.xml:27:22
uses-permission#android.permission.INTERNET
ADDED from AndroidManifest.xml:28:5
MERGED from com.google.android.gms:play-services-ads:7.5.0:20:5
MERGED from com.google.android.gms:play-services-analytics:7.5.0:21:5
MERGED from com.google.android.gms:play-services-analytics:7.5.0:21:5
MERGED from com.google.android.gms:play-services-appinvite:7.5.0:19:5
MERGED from com.google.android.gms:play-services-maps:7.5.0:21:5
MERGED from com.google.android.gms:play-services-maps:7.5.0:21:5
MERGED from com.google.android.gms:play-services-maps:7.5.0:21:5
MERGED from com.google.android.gms:play-services-wallet:7.5.0:20:5
MERGED from com.google.android.gms:play-services-maps:7.5.0:21:5
	android:name
		ADDED from AndroidManifest.xml:28:22
uses-permission#android.permission.WRITE_EXTERNAL_STORAGE
ADDED from AndroidManifest.xml:29:5
MERGED from com.google.android.gms:play-services-maps:7.5.0:22:5
MERGED from com.google.android.gms:play-services-maps:7.5.0:22:5
MERGED from com.google.android.gms:play-services-maps:7.5.0:22:5
MERGED from com.google.android.gms:play-services-maps:7.5.0:22:5
	android:name
		ADDED from AndroidManifest.xml:29:22
uses-permission#android.permission.READ_EXTERNAL_STORAGE
ADDED from AndroidManifest.xml:30:5
	android:name
		ADDED from AndroidManifest.xml:30:22
uses-permission#android.permission.ACCESS_NETWORK_STATE
ADDED from AndroidManifest.xml:31:5
MERGED from com.google.android.gms:play-services-ads:7.5.0:21:5
MERGED from com.google.android.gms:play-services-analytics:7.5.0:22:5
MERGED from com.google.android.gms:play-services-analytics:7.5.0:22:5
MERGED from com.google.android.gms:play-services-maps:7.5.0:20:5
MERGED from com.google.android.gms:play-services-maps:7.5.0:20:5
MERGED from com.google.android.gms:play-services-maps:7.5.0:20:5
MERGED from com.google.android.gms:play-services-nearby:7.5.0:19:5
MERGED from com.google.android.gms:play-services-maps:7.5.0:20:5
	android:name
		ADDED from AndroidManifest.xml:31:22
application
ADDED from AndroidManifest.xml:33:5
MERGED from com.android.support:appcompat-v7:22.0.0:22:5
MERGED from com.android.support:support-v4:22.0.0:22:5
MERGED from com.google.android.gms:play-services:7.5.0:19:5
MERGED from com.google.android.gms:play-services-ads:7.5.0:24:5
MERGED from com.google.android.gms:play-services-base:7.5.0:20:5
MERGED from com.android.support:support-v4:22.0.0:22:5
MERGED from com.google.android.gms:play-services-analytics:7.5.0:24:5
MERGED from com.google.android.gms:play-services-base:7.5.0:20:5
MERGED from com.android.support:support-v4:22.0.0:22:5
MERGED from com.google.android.gms:play-services-analytics:7.5.0:24:5
MERGED from com.google.android.gms:play-services-base:7.5.0:20:5
MERGED from com.android.support:support-v4:22.0.0:22:5
MERGED from com.google.android.gms:play-services-appindexing:7.5.0:19:5
MERGED from com.google.android.gms:play-services-base:7.5.0:20:5
MERGED from com.android.support:support-v4:22.0.0:22:5
MERGED from com.google.android.gms:play-services-appinvite:7.5.0:20:5
MERGED from com.google.android.gms:play-services-base:7.5.0:20:5
MERGED from com.android.support:support-v4:22.0.0:22:5
MERGED from com.google.android.gms:play-services-appstate:7.5.0:19:5
MERGED from com.google.android.gms:play-services-base:7.5.0:20:5
MERGED from com.android.support:support-v4:22.0.0:22:5
MERGED from com.google.android.gms:play-services-base:7.5.0:20:5
MERGED from com.android.support:support-v4:22.0.0:22:5
MERGED from com.google.android.gms:play-services-cast:7.5.0:19:5
MERGED from com.google.android.gms:play-services-base:7.5.0:20:5
MERGED from com.android.support:support-v4:22.0.0:22:5
MERGED from com.android.support:mediarouter-v7:22.0.0:22:5
MERGED from com.android.support:appcompat-v7:22.0.0:22:5
MERGED from com.android.support:support-v4:22.0.0:22:5
MERGED from com.google.android.gms:play-services-drive:7.5.0:19:5
MERGED from com.google.android.gms:play-services-base:7.5.0:20:5
MERGED from com.android.support:support-v4:22.0.0:22:5
MERGED from com.google.android.gms:play-services-fitness:7.5.0:19:5
MERGED from com.google.android.gms:play-services-base:7.5.0:20:5
MERGED from com.android.support:support-v4:22.0.0:22:5
MERGED from com.google.android.gms:play-services-location:7.5.0:19:5
MERGED from com.google.android.gms:play-services-base:7.5.0:20:5
MERGED from com.android.support:support-v4:22.0.0:22:5
MERGED from com.google.android.gms:play-services-maps:7.5.0:29:5
MERGED from com.google.android.gms:play-services-base:7.5.0:20:5
MERGED from com.android.support:support-v4:22.0.0:22:5
MERGED from com.google.android.gms:play-services-games:7.5.0:19:5
MERGED from com.google.android.gms:play-services-base:7.5.0:20:5
MERGED from com.android.support:support-v4:22.0.0:22:5
MERGED from com.google.android.gms:play-services-drive:7.5.0:19:5
MERGED from com.google.android.gms:play-services-base:7.5.0:20:5
MERGED from com.android.support:support-v4:22.0.0:22:5
MERGED from com.google.android.gms:play-services-gcm:7.5.0:19:5
MERGED from com.google.android.gms:play-services-base:7.5.0:20:5
MERGED from com.android.support:support-v4:22.0.0:22:5
MERGED from com.google.android.gms:play-services-identity:7.5.0:19:5
MERGED from com.google.android.gms:play-services-base:7.5.0:20:5
MERGED from com.android.support:support-v4:22.0.0:22:5
MERGED from com.google.android.gms:play-services-location:7.5.0:19:5
MERGED from com.google.android.gms:play-services-base:7.5.0:20:5
MERGED from com.android.support:support-v4:22.0.0:22:5
MERGED from com.google.android.gms:play-services-maps:7.5.0:29:5
MERGED from com.google.android.gms:play-services-base:7.5.0:20:5
MERGED from com.android.support:support-v4:22.0.0:22:5
MERGED from com.google.android.gms:play-services-maps:7.5.0:29:5
MERGED from com.google.android.gms:play-services-base:7.5.0:20:5
MERGED from com.android.support:support-v4:22.0.0:22:5
MERGED from com.google.android.gms:play-services-nearby:7.5.0:20:5
MERGED from com.google.android.gms:play-services-base:7.5.0:20:5
MERGED from com.android.support:support-v4:22.0.0:22:5
MERGED from com.google.android.gms:play-services-panorama:7.5.0:19:5
MERGED from com.google.android.gms:play-services-base:7.5.0:20:5
MERGED from com.android.support:support-v4:22.0.0:22:5
MERGED from com.google.android.gms:play-services-plus:7.5.0:19:5
MERGED from com.google.android.gms:play-services-base:7.5.0:20:5
MERGED from com.android.support:support-v4:22.0.0:22:5
MERGED from com.google.android.gms:play-services-safetynet:7.5.0:19:5
MERGED from com.google.android.gms:play-services-base:7.5.0:20:5
MERGED from com.android.support:support-v4:22.0.0:22:5
MERGED from com.google.android.gms:play-services-wallet:7.5.0:24:5
MERGED from com.google.android.gms:play-services-base:7.5.0:20:5
MERGED from com.android.support:support-v4:22.0.0:22:5
MERGED from com.google.android.gms:play-services-identity:7.5.0:19:5
MERGED from com.google.android.gms:play-services-base:7.5.0:20:5
MERGED from com.android.support:support-v4:22.0.0:22:5
MERGED from com.google.android.gms:play-services-maps:7.5.0:29:5
MERGED from com.google.android.gms:play-services-base:7.5.0:20:5
MERGED from com.android.support:support-v4:22.0.0:22:5
MERGED from com.google.android.gms:play-services-wearable:7.5.0:19:5
MERGED from com.google.android.gms:play-services-base:7.5.0:20:5
MERGED from com.android.support:support-v4:22.0.0:22:5
	android:label
		ADDED from AndroidManifest.xml:36:9
	android:allowBackup
		ADDED from AndroidManifest.xml:34:9
	android:icon
		ADDED from AndroidManifest.xml:35:9
	android:theme
		ADDED from AndroidManifest.xml:37:9
meta-data#com.google.android.gms.version
ADDED from AndroidManifest.xml:40:9
MERGED from com.google.android.gms:play-services-base:7.5.0:21:9
MERGED from com.google.android.gms:play-services-base:7.5.0:21:9
MERGED from com.google.android.gms:play-services-base:7.5.0:21:9
MERGED from com.google.android.gms:play-services-base:7.5.0:21:9
MERGED from com.google.android.gms:play-services-base:7.5.0:21:9
MERGED from com.google.android.gms:play-services-base:7.5.0:21:9
MERGED from com.google.android.gms:play-services-base:7.5.0:21:9
MERGED from com.google.android.gms:play-services-base:7.5.0:21:9
MERGED from com.google.android.gms:play-services-base:7.5.0:21:9
MERGED from com.google.android.gms:play-services-base:7.5.0:21:9
MERGED from com.google.android.gms:play-services-base:7.5.0:21:9
MERGED from com.google.android.gms:play-services-base:7.5.0:21:9
MERGED from com.google.android.gms:play-services-base:7.5.0:21:9
MERGED from com.google.android.gms:play-services-base:7.5.0:21:9
MERGED from com.google.android.gms:play-services-base:7.5.0:21:9
MERGED from com.google.android.gms:play-services-base:7.5.0:21:9
MERGED from com.google.android.gms:play-services-base:7.5.0:21:9
MERGED from com.google.android.gms:play-services-base:7.5.0:21:9
MERGED from com.google.android.gms:play-services-base:7.5.0:21:9
MERGED from com.google.android.gms:play-services-base:7.5.0:21:9
MERGED from com.google.android.gms:play-services-base:7.5.0:21:9
MERGED from com.google.android.gms:play-services-base:7.5.0:21:9
MERGED from com.google.android.gms:play-services-base:7.5.0:21:9
MERGED from com.google.android.gms:play-services-base:7.5.0:21:9
MERGED from com.google.android.gms:play-services-base:7.5.0:21:9
MERGED from com.google.android.gms:play-services-base:7.5.0:21:9
MERGED from com.google.android.gms:play-services-base:7.5.0:21:9
	android:value
		ADDED from AndroidManifest.xml:42:13
	android:name
		ADDED from AndroidManifest.xml:41:13
activity#com.example.mark.smi.MainController
ADDED from AndroidManifest.xml:45:9
	android:label
		ADDED from AndroidManifest.xml:48:13
	android:configChanges
		ADDED from AndroidManifest.xml:47:13
	android:name
		ADDED from AndroidManifest.xml:46:13
intent-filter#android.intent.action.MAIN+android.intent.category.LAUNCHER
ADDED from AndroidManifest.xml:49:13
action#android.intent.action.MAIN
ADDED from AndroidManifest.xml:50:17
	android:name
		ADDED from AndroidManifest.xml:50:25
category#android.intent.category.LAUNCHER
ADDED from AndroidManifest.xml:52:17
	android:name
		ADDED from AndroidManifest.xml:52:27
activity#com.example.mark.smi.NewTrackController
ADDED from AndroidManifest.xml:55:9
	android:label
		ADDED from AndroidManifest.xml:58:13
	android:parentActivityName
		ADDED from AndroidManifest.xml:59:13
	android:configChanges
		ADDED from AndroidManifest.xml:57:13
	android:name
		ADDED from AndroidManifest.xml:56:13
meta-data#android.support.PARENT_ACTIVITY
ADDED from AndroidManifest.xml:60:13
	android:value
		ADDED from AndroidManifest.xml:62:17
	android:name
		ADDED from AndroidManifest.xml:61:17
activity#com.example.mark.smi.GoogleController
ADDED from AndroidManifest.xml:64:9
	android:label
		ADDED from AndroidManifest.xml:67:13
	android:parentActivityName
		ADDED from AndroidManifest.xml:68:13
	android:configChanges
		ADDED from AndroidManifest.xml:66:13
	android:name
		ADDED from AndroidManifest.xml:65:13
activity#com.example.mark.smi.GpsController
ADDED from AndroidManifest.xml:73:9
	android:label
		ADDED from AndroidManifest.xml:76:13
	android:parentActivityName
		ADDED from AndroidManifest.xml:77:13
	android:configChanges
		ADDED from AndroidManifest.xml:75:13
	android:name
		ADDED from AndroidManifest.xml:74:13
activity#com.example.mark.smi.ListActivity
ADDED from AndroidManifest.xml:82:9
	android:label
		ADDED from AndroidManifest.xml:84:13
	android:parentActivityName
		ADDED from AndroidManifest.xml:85:13
	android:name
		ADDED from AndroidManifest.xml:83:13
activity#com.example.mark.smi.ShowMapActivity
ADDED from AndroidManifest.xml:90:9
	android:label
		ADDED from AndroidManifest.xml:92:13
	android:parentActivityName
		ADDED from AndroidManifest.xml:93:13
	android:name
		ADDED from AndroidManifest.xml:91:13
meta-data#com.google.android.maps.v2.API_KEY
ADDED from AndroidManifest.xml:99:9
	android:value
		ADDED from AndroidManifest.xml:101:13
	android:name
		ADDED from AndroidManifest.xml:100:13
activity#com.example.mark.smi.FinalTrack
ADDED from AndroidManifest.xml:103:9
	android:label
		ADDED from AndroidManifest.xml:105:13
	android:parentActivityName
		ADDED from AndroidManifest.xml:106:13
	android:name
		ADDED from AndroidManifest.xml:104:13
activity#com.example.mark.smi.Observer
ADDED from AndroidManifest.xml:111:9
	android:label
		ADDED from AndroidManifest.xml:113:13
	android:parentActivityName
		ADDED from AndroidManifest.xml:114:13
	android:name
		ADDED from AndroidManifest.xml:112:13
activity#com.example.mark.smi.DetailedList
ADDED from AndroidManifest.xml:119:9
	android:label
		ADDED from AndroidManifest.xml:121:13
	android:parentActivityName
		ADDED from AndroidManifest.xml:122:13
	android:name
		ADDED from AndroidManifest.xml:120:13
activity#com.example.mark.smi.ObserverMode
ADDED from AndroidManifest.xml:127:9
	android:label
		ADDED from AndroidManifest.xml:129:13
	android:parentActivityName
		ADDED from AndroidManifest.xml:130:13
	android:name
		ADDED from AndroidManifest.xml:128:13
activity#com.example.mark.smi.GetFile
ADDED from AndroidManifest.xml:135:9
	android:label
		ADDED from AndroidManifest.xml:137:13
	android:name
		ADDED from AndroidManifest.xml:136:13
activity#com.google.android.gms.ads.AdActivity
ADDED from com.google.android.gms:play-services-ads:7.5.0:26:9
	android:configChanges
		ADDED from com.google.android.gms:play-services-ads:7.5.0:28:13
	android:theme
		ADDED from com.google.android.gms:play-services-ads:7.5.0:29:13
	android:name
		ADDED from com.google.android.gms:play-services-ads:7.5.0:27:13
activity#com.google.android.gms.ads.purchase.InAppPurchaseActivity
ADDED from com.google.android.gms:play-services-ads:7.5.0:30:9
	android:theme
		ADDED from com.google.android.gms:play-services-ads:7.5.0:31:13
	android:name
		ADDED from com.google.android.gms:play-services-ads:7.5.0:30:19
uses-permission#android.permission.GET_ACCOUNTS
ADDED from com.google.android.gms:play-services-wallet:7.5.0:21:5
	android:name
		ADDED from com.google.android.gms:play-services-wallet:7.5.0:21:22
uses-permission#android.permission.USE_CREDENTIALS
ADDED from com.google.android.gms:play-services-wallet:7.5.0:22:5
	android:name
		ADDED from com.google.android.gms:play-services-wallet:7.5.0:22:22
meta-data#com.google.android.gms.wallet.api.enabled
ADDED from com.google.android.gms:play-services-wallet:7.5.0:25:9
	android:value
		ADDED from com.google.android.gms:play-services-wallet:7.5.0:27:13
	android:name
		ADDED from com.google.android.gms:play-services-wallet:7.5.0:26:13
receiver#com.google.android.gms.wallet.EnableWalletOptimizationReceiver
ADDED from com.google.android.gms:play-services-wallet:7.5.0:28:9
	android:exported
		ADDED from com.google.android.gms:play-services-wallet:7.5.0:30:13
	android:name
		ADDED from com.google.android.gms:play-services-wallet:7.5.0:29:13
intent-filter#com.google.android.gms.wallet.ENABLE_WALLET_OPTIMIZATION
ADDED from com.google.android.gms:play-services-wallet:7.5.0:31:13
action#com.google.android.gms.wallet.ENABLE_WALLET_OPTIMIZATION
ADDED from com.google.android.gms:play-services-wallet:7.5.0:32:17
	android:name
		ADDED from com.google.android.gms:play-services-wallet:7.5.0:32:25